1722486719063:login
1722486724481:logi 1 1
1722486730344:login 1 1
1722487141069:help
1722487145688:bill-total
1722487150682:city
1722487183924:login 1 1
1722487186556:city
1722487225930:1 1 login
1722487228573:login 1 1
1722487230176:city
1722487397159:bill-total 동두천시 가정용 10
1722487478441:login 1 1
1722487482098:bill-total 동두천시 가정용 10
1722487519586:llogin 1 1
1722487522523:login 1 1
1722487523422:bill-total 동두천시 가정용 10
1722487548881:login 1 1
1722487553927:bill-total 동두천시 가정용 10
1722487608584:login 1 1
1722487610217:bill-total 동두천시 가정용 10
1722487716675:login 1 1
1722487720283:bill-total 동두천시 가정용 10
1722494803439:login 1 1
1722494881662:login 2 2
1722494883627:login 1 3
1722494886106:login 1 1
1760597716555:hi
1760597806928:ctiy
1760597853193:greet eugene
1760597857412:logout
1760597860065:city
1760656247967:login 1 1
1760656465608:login 2 2
1760656555273:login 1 1
1760656701278:login 21 23
1760656836431:login 1 1
1760657058366:login 4 4
1760657061078:login 234 23
1760659749790:login 1 1
1760659752740:login 23 1
1760659756087:pwd
1760659768405:exit
1760659955513:login 1 1
1760659959017:login 2 2
1760659962451:logout
1760660387698:login 1 1
1760660390052:logout
1760660518588:current-user
1760660523085:login 1 1
1760660532432:current-user
1760660576269:login 3 4
1760660579139:login 3 3
1760660585080:current-user
1760660589773:logout
1760660594811:current-user
